2019-07-12 12:42:34 Warning: Warning (2): Declaration of AppModel::beforeSave() should be compatible with Model::beforeSave($options = Array) in [APP/app_model.php, line ??]
2019-07-12 12:42:34 Warning: Warning (2): Declaration of DboPostgres::listSources() should be compatible with DataSource::listSources($data = NULL) in [CORE/cake/libs/model/datasources/dbo/dbo_postgres.php, line ??]
2019-07-12 12:42:34 Warning: Warning (2): Declaration of & DboPostgres::describe(&$model) should be compatible with DataSource::describe($model) in [CORE/cake/libs/model/datasources/dbo/dbo_postgres.php, line ??]
2019-07-12 12:42:34 Warning: Warning (2): Declaration of DboPostgres::lastInsertId($source, $field = 'id') should be compatible with DataSource::lastInsertId($source = NULL) in [CORE/cake/libs/model/datasources/dbo/dbo_postgres.php, line ??]
2019-07-12 12:42:34 Warning: Warning (2): Declaration of DboPostgres::lastNumRows() should be compatible with DataSource::lastNumRows($source = NULL) in [CORE/cake/libs/model/datasources/dbo/dbo_postgres.php, line ??]
2019-07-12 12:42:34 Warning: Warning (2): Declaration of DboPostgres::lastAffected() should be compatible with DataSource::lastAffected($source = NULL) in [CORE/cake/libs/model/datasources/dbo/dbo_postgres.php, line ??]
2019-07-12 12:42:34 Warning: Warning (2): ini_set() [<a href='http://php.net/function.ini-set'>function.ini-set</a>]: Headers already sent. You cannot change the session module's ini settings at this time in [CORE/cake/libs/session.php, line 443]
2019-07-12 12:42:34 Warning: Warning (2): ini_set() [<a href='http://php.net/function.ini-set'>function.ini-set</a>]: Headers already sent. You cannot change the session module's ini settings at this time in [CORE/cake/libs/session.php, line 499]
2019-07-12 12:42:34 Warning: Warning (2): ini_set() [<a href='http://php.net/function.ini-set'>function.ini-set</a>]: Headers already sent. You cannot change the session module's ini settings at this time in [CORE/cake/libs/session.php, line 500]
2019-07-12 12:42:34 Warning: Warning (2): ini_set() [<a href='http://php.net/function.ini-set'>function.ini-set</a>]: Headers already sent. You cannot change the session module's ini settings at this time in [CORE/cake/libs/session.php, line 501]
2019-07-12 12:42:34 Warning: Warning (2): ini_set() [<a href='http://php.net/function.ini-set'>function.ini-set</a>]: Headers already sent. You cannot change the session module's ini settings at this time in [CORE/cake/libs/session.php, line 502]
2019-07-12 12:42:34 Warning: Warning (2): Cannot modify header information - headers already sent by (output started at /var/www/html/sipanet/cake/basics.php:326) in [CORE/cake/libs/controller/controller.php, line 646]
2019-07-12 12:42:40 Warning: Warning (2): Declaration of AppModel::beforeSave() should be compatible with Model::beforeSave($options = Array) in [APP/app_model.php, line ??]
2019-07-12 12:42:40 Warning: Warning (2): Declaration of DboPostgres::listSources() should be compatible with DataSource::listSources($data = NULL) in [CORE/cake/libs/model/datasources/dbo/dbo_postgres.php, line ??]
2019-07-12 12:42:40 Warning: Warning (2): Declaration of & DboPostgres::describe(&$model) should be compatible with DataSource::describe($model) in [CORE/cake/libs/model/datasources/dbo/dbo_postgres.php, line ??]
2019-07-12 12:42:40 Warning: Warning (2): Declaration of DboPostgres::lastInsertId($source, $field = 'id') should be compatible with DataSource::lastInsertId($source = NULL) in [CORE/cake/libs/model/datasources/dbo/dbo_postgres.php, line ??]
2019-07-12 12:42:40 Warning: Warning (2): Declaration of DboPostgres::lastNumRows() should be compatible with DataSource::lastNumRows($source = NULL) in [CORE/cake/libs/model/datasources/dbo/dbo_postgres.php, line ??]
2019-07-12 12:42:40 Warning: Warning (2): Declaration of DboPostgres::lastAffected() should be compatible with DataSource::lastAffected($source = NULL) in [CORE/cake/libs/model/datasources/dbo/dbo_postgres.php, line ??]
2019-07-12 12:42:40 Warning: Warning (2): ini_set() [<a href='http://php.net/function.ini-set'>function.ini-set</a>]: Headers already sent. You cannot change the session module's ini settings at this time in [CORE/cake/libs/session.php, line 443]
2019-07-12 12:42:40 Warning: Warning (2): ini_set() [<a href='http://php.net/function.ini-set'>function.ini-set</a>]: Headers already sent. You cannot change the session module's ini settings at this time in [CORE/cake/libs/session.php, line 499]
2019-07-12 12:42:40 Warning: Warning (2): ini_set() [<a href='http://php.net/function.ini-set'>function.ini-set</a>]: Headers already sent. You cannot change the session module's ini settings at this time in [CORE/cake/libs/session.php, line 500]
2019-07-12 12:42:40 Warning: Warning (2): ini_set() [<a href='http://php.net/function.ini-set'>function.ini-set</a>]: Headers already sent. You cannot change the session module's ini settings at this time in [CORE/cake/libs/session.php, line 501]
2019-07-12 12:42:40 Warning: Warning (2): ini_set() [<a href='http://php.net/function.ini-set'>function.ini-set</a>]: Headers already sent. You cannot change the session module's ini settings at this time in [CORE/cake/libs/session.php, line 502]
2019-07-12 12:42:40 Warning: Warning (2): Cannot modify header information - headers already sent by (output started at /var/www/html/sipanet/cake/basics.php:326) in [CORE/cake/libs/controller/controller.php, line 646]
2019-07-12 12:42:47 Warning: Warning (2): Declaration of AppModel::beforeSave() should be compatible with Model::beforeSave($options = Array) in [APP/app_model.php, line ??]
2019-07-12 12:42:47 Warning: Warning (2): Declaration of DboPostgres::listSources() should be compatible with DataSource::listSources($data = NULL) in [CORE/cake/libs/model/datasources/dbo/dbo_postgres.php, line ??]
2019-07-12 12:42:47 Warning: Warning (2): Declaration of & DboPostgres::describe(&$model) should be compatible with DataSource::describe($model) in [CORE/cake/libs/model/datasources/dbo/dbo_postgres.php, line ??]
2019-07-12 12:42:47 Warning: Warning (2): Declaration of DboPostgres::lastInsertId($source, $field = 'id') should be compatible with DataSource::lastInsertId($source = NULL) in [CORE/cake/libs/model/datasources/dbo/dbo_postgres.php, line ??]
2019-07-12 12:42:47 Warning: Warning (2): Declaration of DboPostgres::lastNumRows() should be compatible with DataSource::lastNumRows($source = NULL) in [CORE/cake/libs/model/datasources/dbo/dbo_postgres.php, line ??]
2019-07-12 12:42:47 Warning: Warning (2): Declaration of DboPostgres::lastAffected() should be compatible with DataSource::lastAffected($source = NULL) in [CORE/cake/libs/model/datasources/dbo/dbo_postgres.php, line ??]
2019-07-12 12:42:47 Warning: Warning (2): ini_set() [<a href='http://php.net/function.ini-set'>function.ini-set</a>]: Headers already sent. You cannot change the session module's ini settings at this time in [CORE/cake/libs/session.php, line 443]
2019-07-12 12:42:47 Warning: Warning (2): ini_set() [<a href='http://php.net/function.ini-set'>function.ini-set</a>]: Headers already sent. You cannot change the session module's ini settings at this time in [CORE/cake/libs/session.php, line 499]
2019-07-12 12:42:47 Warning: Warning (2): ini_set() [<a href='http://php.net/function.ini-set'>function.ini-set</a>]: Headers already sent. You cannot change the session module's ini settings at this time in [CORE/cake/libs/session.php, line 500]
2019-07-12 12:42:47 Warning: Warning (2): ini_set() [<a href='http://php.net/function.ini-set'>function.ini-set</a>]: Headers already sent. You cannot change the session module's ini settings at this time in [CORE/cake/libs/session.php, line 501]
2019-07-12 12:42:47 Warning: Warning (2): ini_set() [<a href='http://php.net/function.ini-set'>function.ini-set</a>]: Headers already sent. You cannot change the session module's ini settings at this time in [CORE/cake/libs/session.php, line 502]
2019-07-12 12:42:55 Warning: Warning (2): Declaration of AppModel::beforeSave() should be compatible with Model::beforeSave($options = Array) in [APP/app_model.php, line ??]
2019-07-12 12:42:55 Warning: Warning (2): Declaration of DboPostgres::listSources() should be compatible with DataSource::listSources($data = NULL) in [CORE/cake/libs/model/datasources/dbo/dbo_postgres.php, line ??]
2019-07-12 12:42:55 Warning: Warning (2): Declaration of & DboPostgres::describe(&$model) should be compatible with DataSource::describe($model) in [CORE/cake/libs/model/datasources/dbo/dbo_postgres.php, line ??]
2019-07-12 12:42:55 Warning: Warning (2): Declaration of DboPostgres::lastInsertId($source, $field = 'id') should be compatible with DataSource::lastInsertId($source = NULL) in [CORE/cake/libs/model/datasources/dbo/dbo_postgres.php, line ??]
2019-07-12 12:42:55 Warning: Warning (2): Declaration of DboPostgres::lastNumRows() should be compatible with DataSource::lastNumRows($source = NULL) in [CORE/cake/libs/model/datasources/dbo/dbo_postgres.php, line ??]
2019-07-12 12:42:55 Warning: Warning (2): Declaration of DboPostgres::lastAffected() should be compatible with DataSource::lastAffected($source = NULL) in [CORE/cake/libs/model/datasources/dbo/dbo_postgres.php, line ??]
2019-07-12 12:42:55 Warning: Warning (2): ini_set() [<a href='http://php.net/function.ini-set'>function.ini-set</a>]: Headers already sent. You cannot change the session module's ini settings at this time in [CORE/cake/libs/session.php, line 443]
2019-07-12 12:42:55 Warning: Warning (2): ini_set() [<a href='http://php.net/function.ini-set'>function.ini-set</a>]: Headers already sent. You cannot change the session module's ini settings at this time in [CORE/cake/libs/session.php, line 499]
2019-07-12 12:42:55 Warning: Warning (2): ini_set() [<a href='http://php.net/function.ini-set'>function.ini-set</a>]: Headers already sent. You cannot change the session module's ini settings at this time in [CORE/cake/libs/session.php, line 500]
2019-07-12 12:42:55 Warning: Warning (2): ini_set() [<a href='http://php.net/function.ini-set'>function.ini-set</a>]: Headers already sent. You cannot change the session module's ini settings at this time in [CORE/cake/libs/session.php, line 501]
2019-07-12 12:42:55 Warning: Warning (2): ini_set() [<a href='http://php.net/function.ini-set'>function.ini-set</a>]: Headers already sent. You cannot change the session module's ini settings at this time in [CORE/cake/libs/session.php, line 502]
2019-07-12 12:42:55 Warning: Warning (2): Cannot modify header information - headers already sent by (output started at /var/www/html/sipanet/cake/basics.php:326) in [CORE/cake/libs/controller/controller.php, line 646]
2019-07-15 10:32:12 Warning: Warning (2): Declaration of AppModel::beforeSave() should be compatible with Model::beforeSave($options = Array) in [APP/app_model.php, line ??]
2019-07-15 10:32:12 Warning: Warning (2): Declaration of DboPostgres::listSources() should be compatible with DataSource::listSources($data = NULL) in [CORE/cake/libs/model/datasources/dbo/dbo_postgres.php, line ??]
2019-07-15 10:32:12 Warning: Warning (2): Declaration of & DboPostgres::describe(&$model) should be compatible with DataSource::describe($model) in [CORE/cake/libs/model/datasources/dbo/dbo_postgres.php, line ??]
2019-07-15 10:32:12 Warning: Warning (2): Declaration of DboPostgres::lastInsertId($source, $field = 'id') should be compatible with DataSource::lastInsertId($source = NULL) in [CORE/cake/libs/model/datasources/dbo/dbo_postgres.php, line ??]
2019-07-15 10:32:12 Warning: Warning (2): Declaration of DboPostgres::lastNumRows() should be compatible with DataSource::lastNumRows($source = NULL) in [CORE/cake/libs/model/datasources/dbo/dbo_postgres.php, line ??]
2019-07-15 10:32:12 Warning: Warning (2): Declaration of DboPostgres::lastAffected() should be compatible with DataSource::lastAffected($source = NULL) in [CORE/cake/libs/model/datasources/dbo/dbo_postgres.php, line ??]
2019-07-15 10:32:12 Warning: Warning (2): ini_set() [<a href='http://php.net/function.ini-set'>function.ini-set</a>]: Headers already sent. You cannot change the session module's ini settings at this time in [CORE/cake/libs/session.php, line 443]
2019-07-15 10:32:12 Warning: Warning (2): ini_set() [<a href='http://php.net/function.ini-set'>function.ini-set</a>]: Headers already sent. You cannot change the session module's ini settings at this time in [CORE/cake/libs/session.php, line 499]
2019-07-15 10:32:12 Warning: Warning (2): ini_set() [<a href='http://php.net/function.ini-set'>function.ini-set</a>]: Headers already sent. You cannot change the session module's ini settings at this time in [CORE/cake/libs/session.php, line 500]
2019-07-15 10:32:12 Warning: Warning (2): ini_set() [<a href='http://php.net/function.ini-set'>function.ini-set</a>]: Headers already sent. You cannot change the session module's ini settings at this time in [CORE/cake/libs/session.php, line 501]
2019-07-15 10:32:12 Warning: Warning (2): ini_set() [<a href='http://php.net/function.ini-set'>function.ini-set</a>]: Headers already sent. You cannot change the session module's ini settings at this time in [CORE/cake/libs/session.php, line 502]
2019-07-15 10:32:12 Warning: Warning (2): Cannot modify header information - headers already sent by (output started at /var/www/html/sipanet/cake/basics.php:326) in [CORE/cake/libs/controller/controller.php, line 646]
2019-07-15 10:32:12 Warning: Warning (2): fopen(/var/www/html/sipanet/app/tmp/cache/persistent/cake_core_dir_map) [<a href='http://php.net/function.fopen'>function.fopen</a>]: failed to open stream: Permission denied in [CORE/cake/libs/cache/file.php, line 145]
2019-07-15 10:32:12 Warning: Warning (2): fopen(/var/www/html/sipanet/app/tmp/cache/persistent/cake_core_file_map) [<a href='http://php.net/function.fopen'>function.fopen</a>]: failed to open stream: Permission denied in [CORE/cake/libs/cache/file.php, line 145]
